(inline-completion-model) ➜  seq2seq git:(main) ✗ prunp number_translator2.py
Epoch 0, Loss: 4.0619
Epoch 10, Loss: 2.4778
Epoch 20, Loss: 2.0709
Epoch 30, Loss: 1.7045
Epoch 40, Loss: 1.2578
Epoch 50, Loss: 0.8693
Epoch 60, Loss: 0.5502
Epoch 70, Loss: 0.3527
Epoch 80, Loss: 0.2792
Epoch 90, Loss: 0.1643
Epoch 100, Loss: 0.0914
Epoch 110, Loss: 0.0658
Epoch 120, Loss: 0.0515
Epoch 130, Loss: 0.0301
Epoch 140, Loss: 0.0241
Epoch 150, Loss: 0.0204
Epoch 160, Loss: 0.0165
Epoch 170, Loss: 0.0140
Epoch 180, Loss: 0.0117
Epoch 190, Loss: 0.0106
Model saved to numeral_translator.pth
Traceback (most recent call last):
  File "/home/xlisp/Desktop/inline-completion-model/seq2seq/number_translator2.py", line 292, in <module>
    translator = main()
                 ^^^^^^
  File "/home/xlisp/Desktop/inline-completion-model/seq2seq/number_translator2.py", line 286, in main
    translation = translator.translate(num)
                  ^^^^^^^^^^^^^^^^^^^^^^^^^
  File "/home/xlisp/Desktop/inline-completion-model/seq2seq/number_translator2.py", line 233, in translate
    predicted_chars = [self.output_idx_to_char[idx.item()] for idx in predicted_indices[0]]
                                                                      ~~~~~~~~~~~~~~~~~^^^
IndexError: invalid index of a 0-dim tensor. Use `tensor.item()` in Python or `tensor.item<T>()` in C++ to convert a 0-dim tensor to a number
(inline-completion-model) ➜  seq2seq git:(main) ✗ 

###### ----------- run 2 ------------- 
(inline-completion-model) ➜  seq2seq git:(main) ✗ prunp number_translator2.py
Epoch 0, Loss: 4.0019
Epoch 10, Loss: 2.5499
Epoch 20, Loss: 1.8758
Epoch 30, Loss: 1.4758
Epoch 40, Loss: 1.2080
Epoch 50, Loss: 0.8940
Epoch 60, Loss: 0.6252
Epoch 70, Loss: 0.5168
Epoch 80, Loss: 0.4322
Epoch 90, Loss: 0.2515
Epoch 100, Loss: 0.1385
Epoch 110, Loss: 0.0955
Epoch 120, Loss: 0.0602
Epoch 130, Loss: 0.0442
Epoch 140, Loss: 0.0311
Epoch 150, Loss: 0.0226
Epoch 160, Loss: 0.0208
Epoch 170, Loss: 0.0164
Epoch 180, Loss: 0.0150
Epoch 190, Loss: 0.0120
Model saved to numeral_translator.pth
0: z
1: <pxad>
12: ty
23: tt
45: ff
67: ss
89: ee
(inline-completion-model) ➜  seq2seq git:(main) ✗ 


### ------
In [1]: %load seq2seq/number_translator2.py

In [3]: dataset = NumeralTranslationDataset()

In [4]: dataset.generate_training_data()
Out[4]:
([['0'],
  ['1'],
  ['2'],
  ['3'],
  ['4'],
  ['5'],
  ['6'],
  ['7'],
  ['8'],
  ['9'],
  ['1', '0'],
  ['1', '1'],
  ['1', '2'],
  ['1', '3'],
  ['1', '4'],
  ['1', '5'],
  ['1', '6'],
  ['1', '7'],
  ['1', '8'],
  ['1', '9'],
  ['2', '0'],
  ['2', '1'],
  ['2', '2'],
  ['2', '3'],
  ['2', '4'],
  ['2', '5'],
  ['2', '6'],
  ['2', '7'],
  ['2', '8'],
  ['2', '9'],
  ['3', '0'],
  ['3', '1'],
  ['3', '2'],
  ['3', '3'],
  ['3', '4'],
  ['3', '5'],
  ['3', '6'],
  ['3', '7'],
  ['3', '8'],
  ['3', '9'],
  ['4', '0'],
  ['4', '1'],
  ['4', '2'],
  ['4', '3'],
  ['4', '4'],
  ['4', '5'],
  ['4', '6'],
  ['4', '7'],
  ['4', '8'],
  ['4', '9'],
  ['5', '0'],
  ['5', '1'],
  ['5', '2'],
  ['5', '3'],
  ['5', '4'],
  ['5', '5'],
  ['5', '6'],
  ['5', '7'],
  ['5', '8'],
  ['5', '9'],
  ['6', '0'],
  ['6', '1'],
  ['6', '2'],
  ['6', '3'],
  ['6', '4'],
  ['6', '5'],
  ['6', '6'],
  ['6', '7'],
  ['6', '8'],
  ['6', '9'],
  ['7', '0'],
  ['7', '1'],
  ['7', '2'],
  ['7', '3'],
  ['7', '4'],
  ['7', '5'],
  ['7', '6'],
  ['7', '7'],
  ['7', '8'],
  ['7', '9'],
  ['8', '0'],
  ['8', '1'],
  ['8', '2'],
  ['8', '3'],
  ['8', '4'],
  ['8', '5'],
  ['8', '6'],
  ['8', '7'],
  ['8', '8'],
  ['8', '9'],
  ['9', '0'],
  ['9', '1'],
  ['9', '2'],
  ['9', '3'],
  ['9', '4'],
  ['9', '5'],
  ['9', '6'],
  ['9', '7'],
  ['9', '8'],
  ['9', '9']],
 [['z', 'e', 'r', 'o'],
  ['o', 'n', 'e'],
  ['t', 'w', 'o'],
  ['t', 'h', 'r', 'e', 'e'],
  ['f', 'o', 'u', 'r'],
  ['f', 'i', 'v', 'e'],
  ['s', 'i', 'x'],
  ['s', 'e', 'v', 'e', 'n'],
  ['e', 'i', 'g', 'h', 't'],
  ['n', 'i', 'n', 'e'],
  ['z', 'e', 'r', 'o'],
  ['o', 'n', 'e'],
  ['t', 'w', 'o'],
  ['t', 'h', 'r', 'e', 'e'],
  ['f', 'o', 'u', 'r'],
  ['f', 'i', 'v', 'e'],
  ['s', 'i', 'x'],
  ['s', 'e', 'v', 'e', 'n'],
  ['e', 'i', 'g', 'h', 't'],
  ['n', 'i', 'n', 'e'],
  ['t', 'w', 'e', 'n', 't', 'y'],
  ['t', 'w', 'e', 'n', 't', 'y', ' ', 'o', 'n', 'e'],
  ['t', 'w', 'e', 'n', 't', 'y', ' ', 't', 'w', 'o'],
  ['t', 'w', 'e', 'n', 't', 'y', ' ', 't', 'h', 'r', 'e', 'e'],
  ['t', 'w', 'e', 'n', 't', 'y', ' ', 'f', 'o', 'u', 'r'],
  ['t', 'w', 'e', 'n', 't', 'y', ' ', 'f', 'i', 'v', 'e'],
  ['t', 'w', 'e', 'n', 't', 'y', ' ', 's', 'i', 'x'],
  ['t', 'w', 'e', 'n', 't', 'y', ' ', 's', 'e', 'v', 'e', 'n'],
  ['t', 'w', 'e', 'n', 't', 'y', ' ', 'e', 'i', 'g', 'h', 't'],
  ['t', 'w', 'e', 'n', 't', 'y', ' ', 'n', 'i', 'n', 'e'],
  ['t', 'h', 'i', 'r', 't', 'y'],
  ['t', 'h', 'i', 'r', 't', 'y', ' ', 'o', 'n', 'e'],
  ['t', 'h', 'i', 'r', 't', 'y', ' ', 't', 'w', 'o'],
  ['t', 'h', 'i', 'r', 't', 'y', ' ', 't', 'h', 'r', 'e', 'e'],
  ['t', 'h', 'i', 'r', 't', 'y', ' ', 'f', 'o', 'u', 'r'],
  ['t', 'h', 'i', 'r', 't', 'y', ' ', 'f', 'i', 'v', 'e'],
  ['t', 'h', 'i', 'r', 't', 'y', ' ', 's', 'i', 'x'],
  ['t', 'h', 'i', 'r', 't', 'y', ' ', 's', 'e', 'v', 'e', 'n'],
  ['t', 'h', 'i', 'r', 't', 'y', ' ', 'e', 'i', 'g', 'h', 't'],
  ['t', 'h', 'i', 'r', 't', 'y', ' ', 'n', 'i', 'n', 'e'],
  ['f', 'o', 'r', 't', 'y'],
  ['f', 'o', 'r', 't', 'y', ' ', 'o', 'n', 'e'],
  ['f', 'o', 'r', 't', 'y', ' ', 't', 'w', 'o'],
  ['f', 'o', 'r', 't', 'y', ' ', 't', 'h', 'r', 'e', 'e'],
  ['f', 'o', 'r', 't', 'y', ' ', 'f', 'o', 'u', 'r'],
  ['f', 'o', 'r', 't', 'y', ' ', 'f', 'i', 'v', 'e'],
  ['f', 'o', 'r', 't', 'y', ' ', 's', 'i', 'x'],
  ['f', 'o', 'r', 't', 'y', ' ', 's', 'e', 'v', 'e', 'n'],
  ['f', 'o', 'r', 't', 'y', ' ', 'e', 'i', 'g', 'h', 't'],
  ['f', 'o', 'r', 't', 'y', ' ', 'n', 'i', 'n', 'e'],
  ['f', 'i', 'f', 't', 'y'],
  ['f', 'i', 'f', 't', 'y', ' ', 'o', 'n', 'e'],
  ['f', 'i', 'f', 't', 'y', ' ', 't', 'w', 'o'],
  ['f', 'i', 'f', 't', 'y', ' ', 't', 'h', 'r', 'e', 'e'],
  ['f', 'i', 'f', 't', 'y', ' ', 'f', 'o', 'u', 'r'],
  ['f', 'i', 'f', 't', 'y', ' ', 'f', 'i', 'v', 'e'],
  ['f', 'i', 'f', 't', 'y', ' ', 's', 'i', 'x'],
  ['f', 'i', 'f', 't', 'y', ' ', 's', 'e', 'v', 'e', 'n'],
  ['f', 'i', 'f', 't', 'y', ' ', 'e', 'i', 'g', 'h', 't'],
  ['f', 'i', 'f', 't', 'y', ' ', 'n', 'i', 'n', 'e'],
  ['s', 'i', 'x', 't', 'y'],
  ['s', 'i', 'x', 't', 'y', ' ', 'o', 'n', 'e'],
  ['s', 'i', 'x', 't', 'y', ' ', 't', 'w', 'o'],
  ['s', 'i', 'x', 't', 'y', ' ', 't', 'h', 'r', 'e', 'e'],
  ['s', 'i', 'x', 't', 'y', ' ', 'f', 'o', 'u', 'r'],
  ['s', 'i', 'x', 't', 'y', ' ', 'f', 'i', 'v', 'e'],
  ['s', 'i', 'x', 't', 'y', ' ', 's', 'i', 'x'],
  ['s', 'i', 'x', 't', 'y', ' ', 's', 'e', 'v', 'e', 'n'],
  ['s', 'i', 'x', 't', 'y', ' ', 'e', 'i', 'g', 'h', 't'],
  ['s', 'i', 'x', 't', 'y', ' ', 'n', 'i', 'n', 'e'],
  ['s', 'e', 'v', 'e', 'n', 't', 'y'],
  ['s', 'e', 'v', 'e', 'n', 't', 'y', ' ', 'o', 'n', 'e'],
  ['s', 'e', 'v', 'e', 'n', 't', 'y', ' ', 't', 'w', 'o'],
  ['s', 'e', 'v', 'e', 'n', 't', 'y', ' ', 't', 'h', 'r', 'e', 'e'],
  ['s', 'e', 'v', 'e', 'n', 't', 'y', ' ', 'f', 'o', 'u', 'r'],
  ['s', 'e', 'v', 'e', 'n', 't', 'y', ' ', 'f', 'i', 'v', 'e'],
  ['s', 'e', 'v', 'e', 'n', 't', 'y', ' ', 's', 'i', 'x'],
  ['s', 'e', 'v', 'e', 'n', 't', 'y', ' ', 's', 'e', 'v', 'e', 'n'],
  ['s', 'e', 'v', 'e', 'n', 't', 'y', ' ', 'e', 'i', 'g', 'h', 't'],
  ['s', 'e', 'v', 'e', 'n', 't', 'y', ' ', 'n', 'i', 'n', 'e'],
  ['e', 'i', 'g', 'h', 't', 'y'],
  ['e', 'i', 'g', 'h', 't', 'y', ' ', 'o', 'n', 'e'],
  ['e', 'i', 'g', 'h', 't', 'y', ' ', 't', 'w', 'o'],
  ['e', 'i', 'g', 'h', 't', 'y', ' ', 't', 'h', 'r', 'e', 'e'],
  ['e', 'i', 'g', 'h', 't', 'y', ' ', 'f', 'o', 'u', 'r'],
  ['e', 'i', 'g', 'h', 't', 'y', ' ', 'f', 'i', 'v', 'e'],
  ['e', 'i', 'g', 'h', 't', 'y', ' ', 's', 'i', 'x'],
  ['e', 'i', 'g', 'h', 't', 'y', ' ', 's', 'e', 'v', 'e', 'n'],
  ['e', 'i', 'g', 'h', 't', 'y', ' ', 'e', 'i', 'g', 'h', 't'],
  ['e', 'i', 'g', 'h', 't', 'y', ' ', 'n', 'i', 'n', 'e'],
  ['n', 'i', 'n', 'e', 't', 'y'],
  ['n', 'i', 'n', 'e', 't', 'y', ' ', 'o', 'n', 'e'],
  ['n', 'i', 'n', 'e', 't', 'y', ' ', 't', 'w', 'o'],
  ['n', 'i', 'n', 'e', 't', 'y', ' ', 't', 'h', 'r', 'e', 'e'],
  ['n', 'i', 'n', 'e', 't', 'y', ' ', 'f', 'o', 'u', 'r'],
  ['n', 'i', 'n', 'e', 't', 'y', ' ', 'f', 'i', 'v', 'e'],
  ['n', 'i', 'n', 'e', 't', 'y', ' ', 's', 'i', 'x'],
  ['n', 'i', 'n', 'e', 't', 'y', ' ', 's', 'e', 'v', 'e', 'n'],
  ['n', 'i', 'n', 'e', 't', 'y', ' ', 'e', 'i', 'g', 'h', 't'],
  ['n', 'i', 'n', 'e', 't', 'y', ' ', 'n', 'i', 'n', 'e']])

In [5]:

